<?xml version="1.0" encoding="UTF-8"?>
<testng-results ignored="0" total="1" passed="1" failed="0" skipped="0">
  <reporter-output>
  </reporter-output>
  <suite started-at="2024-03-04T01:29:37 IST" name="Default suite" finished-at="2024-03-04T01:29:50 IST" duration-ms="13161">
    <groups>
    </groups>
    <test started-at="2024-03-04T01:29:37 IST" name="Default test" finished-at="2024-03-04T01:29:50 IST" duration-ms="13161">
      <class name="testClasses.TestClass">
        <test-method signature="submitOrder()[pri:0, instance:testClasses.TestClass@3c19aaa5]" started-at="2024-03-04T01:29:37 IST" name="submitOrder" finished-at="2024-03-04T01:29:47 IST" duration-ms="9945" status="PASS">
          <reporter-output>
          </reporter-output>
        </test-method> <!-- submitOrder -->
        <test-method is-config="true" signature="teardown()[pri:0, instance:testClasses.TestClass@3c19aaa5]" started-at="2024-03-04T01:29:47 IST" name="teardown" finished-at="2024-03-04T01:29:50 IST" duration-ms="3114" status="PASS">
          <reporter-output>
          </reporter-output>
        </test-method> <!-- teardown -->
      </class> <!-- testClasses.TestClass -->
    </test> <!-- Default test -->
  </suite> <!-- Default suite -->
</testng-results>
